Performing C SOURCE FILE Test CMAKE_HAVE_LIBC_PTHREAD failed with the following output:
Change Dir: /home/leonardo/codigos/ufabc/Projeto CG/abcg/build/CMakeFiles/CMakeTmp

Run Build Command(s):/usr/bin/make cmTC_52d24/fast && /usr/bin/make -f CMakeFiles/cmTC_52d24.dir/build.make CMakeFiles/cmTC_52d24.dir/build
make[1]: Entrando no diretório '/home/leonardo/codigos/ufabc/Projeto CG/abcg/build/CMakeFiles/CMakeTmp'
Building C object CMakeFiles/cmTC_52d24.dir/src.c.o
/usr/bin/cc   -DCMAKE_HAVE_LIBC_PTHREAD   -o CMakeFiles/cmTC_52d24.dir/src.c.o   -c "/home/leonardo/codigos/ufabc/Projeto CG/abcg/build/CMakeFiles/CMakeTmp/src.c"
Linking C executable cmTC_52d24
/usr/bin/cmake -E cmake_link_script CMakeFiles/cmTC_52d24.dir/link.txt --verbose=1
/usr/bin/cc  -DCMAKE_HAVE_LIBC_PTHREAD    CMakeFiles/cmTC_52d24.dir/src.c.o  -o cmTC_52d24 
/usr/bin/ld: CMakeFiles/cmTC_52d24.dir/src.c.o: na função "main":
src.c:(.text+0x46): referência não definida para "pthread_create"
/usr/bin/ld: src.c:(.text+0x52): referência não definida para "pthread_detach"
/usr/bin/ld: src.c:(.text+0x63): referência não definida para "pthread_join"
collect2: error: ld returned 1 exit status
make[1]: *** [CMakeFiles/cmTC_52d24.dir/build.make:87: cmTC_52d24] Erro 1
make[1]: Saindo do diretório '/home/leonardo/codigos/ufabc/Projeto CG/abcg/build/CMakeFiles/CMakeTmp'
make: *** [Makefile:121: cmTC_52d24/fast] Erro 2


Source file was:
#include <pthread.h>

void* test_func(void* data)
{
  return data;
}

int main(void)
{
  pthread_t thread;
  pthread_create(&thread, NULL, test_func, NULL);
  pthread_detach(thread);
  pthread_join(thread, NULL);
  pthread_atfork(NULL, NULL, NULL);
  pthread_exit(NULL);

  return 0;
}

Determining if the function pthread_create exists in the pthreads failed with the following output:
Change Dir: /home/leonardo/codigos/ufabc/Projeto CG/abcg/build/CMakeFiles/CMakeTmp

Run Build Command(s):/usr/bin/make cmTC_0c774/fast && /usr/bin/make -f CMakeFiles/cmTC_0c774.dir/build.make CMakeFiles/cmTC_0c774.dir/build
make[1]: Entrando no diretório '/home/leonardo/codigos/ufabc/Projeto CG/abcg/build/CMakeFiles/CMakeTmp'
Building C object CMakeFiles/cmTC_0c774.dir/CheckFunctionExists.c.o
/usr/bin/cc   -DCHECK_FUNCTION_EXISTS=pthread_create   -o CMakeFiles/cmTC_0c774.dir/CheckFunctionExists.c.o   -c /usr/share/cmake-3.16/Modules/CheckFunctionExists.c
Linking C executable cmTC_0c774
/usr/bin/cmake -E cmake_link_script CMakeFiles/cmTC_0c774.dir/link.txt --verbose=1
/usr/bin/cc  -DCHECK_FUNCTION_EXISTS=pthread_create    CMakeFiles/cmTC_0c774.dir/CheckFunctionExists.c.o  -o cmTC_0c774  -lpthreads 
/usr/bin/ld: não foi possível localizar -lpthreads
collect2: error: ld returned 1 exit status
make[1]: *** [CMakeFiles/cmTC_0c774.dir/build.make:87: cmTC_0c774] Erro 1
make[1]: Saindo do diretório '/home/leonardo/codigos/ufabc/Projeto CG/abcg/build/CMakeFiles/CMakeTmp'
make: *** [Makefile:121: cmTC_0c774/fast] Erro 2



